<?xml version="1.0" encoding="UTF-8"?>
<!-- Generated by org.testng.reporters.JUnitReportReporter -->
<testsuite hostname="DESKTOP-T3H5MLF" failures="0" tests="1" name="com.contact.ContactTest" time="0.018" errors="0" timestamp="2024-07-17T14:42:10 IST" skipped="0">
  <testcase classname="com.contact.ContactTest" name="createContact" time="0.018"/>
</testsuite> <!-- com.contact.ContactTest -->
