<?xml version="1.0" encoding="UTF-8"?>
<!-- Generated by org.testng.reporters.JUnitReportReporter -->
<testsuite hostname="DESKTOP-T3H5MLF" failures="0" tests="1" name="ContactTest" time="0.007" errors="0" timestamp="2024-07-16T15:58:40 IST" skipped="0">
  <testcase classname="ContactTest" name="modifyContact" time="0.007"/>
</testsuite> <!-- ContactTest -->
