<?xml version="1.0" encoding="UTF-8"?>
<!-- Generated by org.testng.reporters.JUnitReportReporter -->
<testsuite hostname="DESKTOP-T3H5MLF" failures="0" tests="1" name="com.org.OrgTest" time="0.003" errors="0" timestamp="2024-07-17T14:42:10 IST" skipped="0">
  <testcase classname="com.org.OrgTest" name="createOrg" time="0.003"/>
</testsuite> <!-- com.org.OrgTest -->
