<?xml version="1.0" encoding="UTF-8"?>
<!-- Generated by org.testng.reporters.JUnitReportReporter -->
<testsuite hostname="DESKTOP-T3H5MLF" failures="0" tests="2" name="ContactTest" time="0.001" errors="0" timestamp="2024-07-17T13:07:49 IST" skipped="0">
  <testcase classname="ContactTest" name="modifyContact" time="0.000"/>
  <testcase classname="ContactTest" name="createContact" time="0.001"/>
</testsuite> <!-- ContactTest -->
