<?xml version="1.0" encoding="UTF-8"?>
<!-- Generated by org.testng.reporters.JUnitReportReporter -->
<testsuite hostname="DESKTOP-T3H5MLF" failures="0" tests="2" name="com.org.OrgTest" time="0.005" errors="0" timestamp="2024-07-17T13:07:49 IST" skipped="0">
  <testcase classname="com.org.OrgTest" name="createOrg" time="0.005"/>
  <testcase classname="com.org.OrgTest" name="modifyOrg" time="0.000"/>
</testsuite> <!-- com.org.OrgTest -->
